<?xml version="1.0" encoding="UTF-8"?>
<!-- Generated by org.testng.reporters.JUnitReportReporter -->
<testsuite hostname="Vaijnaths-MacBook-Pro.local" failures="0" tests="1" name="com.infini.tests.InfyniAppLoginTestCase" time="21.949" errors="0" timestamp="2024-06-29T10:29:50 EDT" skipped="0">
  <testcase classname="com.infini.tests.InfyniAppLoginTestCase" name="infyniLoginTest" time="21.949"/>
  <system-out>
    <![CDATA[Test Report For Log Help Center
Test Report For Privacy Policy]]>
  </system-out>
</testsuite> <!-- com.infini.tests.InfyniAppLoginTestCase -->
