<?xml version="1.0" encoding="UTF-8"?>
<!-- Generated by org.testng.reporters.JUnitReportReporter -->
<testsuite hostname="Vaijnaths-MacBook-Pro.local" failures="0" tests="2" name="com.infini.tests.InfyniAppTestCae" time="33.406" errors="0" timestamp="2024-06-29T10:29:50 EDT" skipped="0">
  <testcase classname="com.infini.tests.InfyniAppTestCae" name="LaunchHelpCenter" time="15.182">
    <system-out>
      <![CDATA[Test Report For Log Help Center]]>
    </system-out>
  </testcase> <!-- LaunchHelpCenter -->
  <testcase classname="com.infini.tests.InfyniAppTestCae" name="PrivacyPolicy" time="18.224">
    <system-out>
      <![CDATA[Test Report For Privacy Policy]]>
    </system-out>
  </testcase> <!-- PrivacyPolicy -->
  <system-out>
    <![CDATA[Test Report For Log Help Center
Test Report For Privacy Policy]]>
  </system-out>
</testsuite> <!-- com.infini.tests.InfyniAppTestCae -->
